[debug] [2023-09-03T04:13:31.447Z] ----------------------------------------------------------------------
[debug] [2023-09-03T04:13:31.448Z] Command:       /usr/local/bin/node /usr/local/bin/firebase init
[debug] [2023-09-03T04:13:31.448Z] CLI Version:   12.4.4
[debug] [2023-09-03T04:13:31.449Z] Platform:      darwin
[debug] [2023-09-03T04:13:31.449Z] Node Version:  v18.15.0
[debug] [2023-09-03T04:13:31.449Z] Time:          Sun Sep 03 2023 12:13:31 GMT+0800 (Malaysia Time)
[debug] [2023-09-03T04:13:31.449Z] ----------------------------------------------------------------------
[debug] 
[debug] [2023-09-03T04:13:31.451Z] >>> [apiv2][query] GET https://firebase-public.firebaseio.com/cli.json [none]
[debug] [2023-09-03T04:13:31.473Z] > command requires scopes: ["email","openid","https://www.googleapis.com/auth/cloudplatformprojects.readonly","https://www.googleapis.com/auth/firebase","https://www.googleapis.com/auth/cloud-platform"]
[debug] [2023-09-03T04:13:31.473Z] > authorizing via signed-in user (ooikeanhong168@gmail.com)
[info] 
     ######## #### ########  ######## ########     ###     ######  ########
     ##        ##  ##     ## ##       ##     ##  ##   ##  ##       ##
     ######    ##  ########  ######   ########  #########  ######  ######
     ##        ##  ##    ##  ##       ##     ## ##     ##       ## ##
     ##       #### ##     ## ######## ########  ##     ##  ######  ########

You're about to initialize a Firebase project in this directory:

  /Users/adrianooi/Code/marc_web

[debug] [2023-09-03T04:13:32.073Z] <<< [apiv2][status] GET https://firebase-public.firebaseio.com/cli.json 200
[debug] [2023-09-03T04:13:32.073Z] <<< [apiv2][body] GET https://firebase-public.firebaseio.com/cli.json {"cloudBuildErrorAfter":1594252800000,"cloudBuildWarnAfter":1590019200000,"defaultNode10After":1594252800000,"minVersion":"3.0.5","node8DeploysDisabledAfter":1613390400000,"node8RuntimeDisabledAfter":1615809600000,"node8WarnAfter":1600128000000}
[info] 
=== Project Setup
[info] 
[info] First, let's associate this project directory with a Firebase project.
[info] You can create multiple project aliases by running firebase use --add, 
[info] but for now we'll just set up a default project.
[info] 
[debug] [2023-09-03T04:14:46.176Z] > refreshing access token with scopes: []
[debug] [2023-09-03T04:14:46.178Z] >>> [apiv2][query] POST https://www.googleapis.com/oauth2/v3/token [none]
[debug] [2023-09-03T04:14:46.178Z] >>> [apiv2][body] POST https://www.googleapis.com/oauth2/v3/token [omitted]
[debug] [2023-09-03T04:14:46.297Z] <<< [apiv2][status] POST https://www.googleapis.com/oauth2/v3/token 200
[debug] [2023-09-03T04:14:46.298Z] <<< [apiv2][body] POST https://www.googleapis.com/oauth2/v3/token [omitted]
[debug] [2023-09-03T04:14:46.311Z] >>> [apiv2][query] GET https://firebase.googleapis.com/v1beta1/projects pageSize=100
[debug] [2023-09-03T04:14:47.047Z] <<< [apiv2][status] GET https://firebase.googleapis.com/v1beta1/projects 200
[debug] [2023-09-03T04:14:47.047Z] <<< [apiv2][body] GET https://firebase.googleapis.com/v1beta1/projects [omitted]
[info] i  Using project marc-6d5c6 (marc) 
[info] 
=== Hosting Setup
[info] 
[info] Your public directory is the folder (relative to your project directory) that
[info] will contain Hosting assets to be uploaded with firebase deploy. If you
[info] have a build process for your assets, use your build's output directory.
[info] 
[info] ✔  Wrote public/404.html 
[debug] [2023-09-03T04:18:52.872Z] >>> [apiv2][query] GET https://www.gstatic.com/firebasejs/releases.json [none]
[debug] [2023-09-03T04:18:52.969Z] <<< [apiv2][status] GET https://www.gstatic.com/firebasejs/releases.json 200
[debug] [2023-09-03T04:18:52.969Z] <<< [apiv2][body] GET https://www.gstatic.com/firebasejs/releases.json {"current":{"version":"10.3.1","browserURL":"https://www.gstatic.com/firebasejs/10.3.1/firebase.js","packageURL":"https://www.gstatic.com/firebasejs/10.3.1/firebase.tgz"},"live":{"version":"10.3","browserURL":"https://www.gstatic.com/firebasejs/live/10.3/firebase.js","packageURL":"https://www.gstatic.com/firebasejs/live/10.3/firebase.tgz"},"components":{"analytics":"https://www.gstatic.com/firebasejs/10.3.1/firebase-analytics.js","app":"https://www.gstatic.com/firebasejs/10.3.1/firebase-app.js","app-check":"https://www.gstatic.com/firebasejs/10.3.1/firebase-app-check.js","auth":"https://www.gstatic.com/firebasejs/10.3.1/firebase-auth.js","auth/cordova":"https://www.gstatic.com/firebasejs/10.3.1/firebase-auth/cordova.js","functions":"https://www.gstatic.com/firebasejs/10.3.1/firebase-functions.js","firestore":"https://www.gstatic.com/firebasejs/10.3.1/firebase-firestore.js","firestore/lite":"https://www.gstatic.com/firebasejs/10.3.1/firebase-firestore/lite.js","installations":"https://www.gstatic.com/firebasejs/10.3.1/firebase-installations.js","storage":"https://www.gstatic.com/firebasejs/10.3.1/firebase-storage.js","performance":"https://www.gstatic.com/firebasejs/10.3.1/firebase-performance.js","remote-config":"https://www.gstatic.com/firebasejs/10.3.1/firebase-remote-config.js","messaging":"https://www.gstatic.com/firebasejs/10.3.1/firebase-messaging.js","messaging/sw":"https://www.gstatic.com/firebasejs/10.3.1/firebase-messaging/sw.js","database":"https://www.gstatic.com/firebasejs/10.3.1/firebase-database.js","firestore.memory":"https://www.gstatic.com/firebasejs/10.3.1/firebase-firestore.memory.js"}}
[info] i  Skipping write of public/index.html 
[info] 
[info] i  Detected a .git folder at /Users/adrianooi/Code/marc_web 
[info] i  Authorizing with GitHub to upload your service account to a GitHub repository's secrets store. 
[info] 
[info] Visit this URL on this device to log in:
[info] https://github.com/login/oauth/authorize?client_id=89cf50f02ac6aaed3484&state=779465704&redirect_uri=http%3A%2F%2Flocalhost%3A9005&scope=read%3Auser%20repo%20public_repo
[info] 
[info] Waiting for authentication...
[debug] [2023-09-03T04:20:21.545Z] >>> [apiv2][query] POST https://github.com/login/oauth/access_token [none]
[debug] [2023-09-03T04:20:21.546Z] >>> [apiv2][body] POST https://github.com/login/oauth/access_token [stream]
[debug] [2023-09-03T04:20:21.957Z] <<< [apiv2][status] POST https://github.com/login/oauth/access_token 200
[debug] [2023-09-03T04:20:21.958Z] <<< [apiv2][body] POST https://github.com/login/oauth/access_token {"access_token":"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","token_type":"bearer","scope":"read:user,repo"}
[debug] [2023-09-03T04:20:21.966Z] >>> [apiv2][query] GET https://api.github.com/user [none]
[debug] [2023-09-03T04:20:22.415Z] <<< [apiv2][status] GET https://api.github.com/user 200
[debug] [2023-09-03T04:20:22.416Z] <<< [apiv2][body] GET https://api.github.com/user {"login":"Anokh1","id":103920748,"node_id":"U_kgDOBjG0bA","avatar_url":"https://avatars.githubusercontent.com/u/103920748?v=4","gravatar_id":"","url":"https://api.github.com/users/Anokh1","html_url":"https://github.com/Anokh1","followers_url":"https://api.github.com/users/Anokh1/followers","following_url":"https://api.github.com/users/Anokh1/following{/other_user}","gists_url":"https://api.github.com/users/Anokh1/gists{/gist_id}","starred_url":"https://api.github.com/users/Anokh1/starred{/owner}{/repo}","subscriptions_url":"https://api.github.com/users/Anokh1/subscriptions","organizations_url":"https://api.github.com/users/Anokh1/orgs","repos_url":"https://api.github.com/users/Anokh1/repos","events_url":"https://api.github.com/users/Anokh1/events{/privacy}","received_events_url":"https://api.github.com/users/Anokh1/received_events","type":"User","site_admin":false,"name":"Adrian001","company":null,"blog":"","location":null,"email":null,"hireable":null,"bio":null,"twitter_username":null,"public_repos":12,"public_gists":0,"followers":2,"following":0,"created_at":"2022-04-18T06:10:40Z","updated_at":"2023-08-20T10:03:08Z","private_gists":0,"total_private_repos":3,"owned_private_repos":3,"disk_usage":33942,"collaborators":3,"two_factor_authentication":false,"plan":{"name":"free","space":976562499,"collaborators":0,"private_repos":10000}}
[info] 
[info] ✔  Success! Logged into GitHub as Anokh1 
[info] 
